Using pre-set license
Built from '2020.3/release' branch; Version is '2020.3.27f1 (e759542391ea) revision 15161684'; Using compiler version '192528614'; Build Type 'Release'
OS: 'Windows 10  (10.0.19043) 64bit Core' Language: 'en' Physical Memory: 32682 MB
BatchMode: 1, IsHumanControllingUs: 0, StartBugReporterOnCrash: 0, Is64bit: 1, IsPro: 0

COMMAND LINE ARGUMENTS:
C:\Program Files\Unity\Hub\Editor\2020.3.27f1\Editor\Unity.exe
-adb2
-batchMode
-noUpm
-name
AssetImportWorker0
-projectPath
C:/Users/toyry/Gits/CRAZYCRASH-TEST/CRAZYCRASH-RALLY-DRIVE
-logFile
Logs/AssetImportWorker0.log
-srvPort
53114
Successfully changed project path to: C:/Users/toyry/Gits/CRAZYCRASH-TEST/CRAZYCRASH-RALLY-DRIVE
C:/Users/toyry/Gits/CRAZYCRASH-TEST/CRAZYCRASH-RALLY-DRIVE
Using Asset Import Pipeline V2.
Refreshing native plugins compatible for Editor in 41.92 ms, found 2 plugins.
Preloading 0 native plugins for Editor in 0.00 ms.
Initialize engine version: 2020.3.27f1 (e759542391ea)
[Subsystems] Discovering subsystems at path C:/Program Files/Unity/Hub/Editor/2020.3.27f1/Editor/Data/Resources/UnitySubsystems
[Subsystems] Discovering subsystems at path C:/Users/toyry/Gits/CRAZYCRASH-TEST/CRAZYCRASH-RALLY-DRIVE/Assets
GfxDevice: creating device client; threaded=0
Direct3D:
    Version:  Direct3D 11.0 [level 11.1]
    Renderer: NVIDIA GeForce RTX 2070 SUPER (ID=0x1e84)
    Vendor:   
    VRAM:     8012 MB
    Driver:   30.0.15.1165
Initialize mono
Mono path[0] = 'C:/Program Files/Unity/Hub/Editor/2020.3.27f1/Editor/Data/Managed'
Mono path[1] = 'C:/Program Files/Unity/Hub/Editor/2020.3.27f1/Editor/Data/MonoBleedingEdge/lib/mono/unityjit'
Mono config path = 'C:/Program Files/Unity/Hub/Editor/2020.3.27f1/Editor/Data/MonoBleedingEdge/etc'
Using monoOptions --debugger-agent=transport=dt_socket,embedding=1,server=y,suspend=n,address=127.0.0.1:56152
Begin MonoManager ReloadAssembly
Registering precompiled unity dll's ...
Register platform support module: C:/Program Files/Unity/Hub/Editor/2020.3.27f1/Editor/Data/PlaybackEngines/WindowsStandaloneSupport/UnityEditor.WindowsStandalone.Extensions.dll
Registered in 0.001953 seconds.
Native extension for WindowsStandalone target not found
Refreshing native plugins compatible for Editor in 41.66 ms, found 2 plugins.
Preloading 0 native plugins for Editor in 0.00 ms.
Mono: successfully reloaded assembly
- Completed reload, in  0.530 seconds
Domain Reload Profiling:
	ReloadAssembly (530ms)
		BeginReloadAssembly (57ms)
			ExecutionOrderSort (0ms)
			DisableScriptedObjects (0ms)
			BackupInstance (0ms)
			ReleaseScriptingObjects (0ms)
			CreateAndSetChildDomain (1ms)
		EndReloadAssembly (404ms)
			LoadAssemblies (55ms)
			RebuildTransferFunctionScriptingTraits (0ms)
			SetupTypeCache (131ms)
			ReleaseScriptCaches (0ms)
			RebuildScriptCaches (27ms)
			SetupLoadedEditorAssemblies (156ms)
				LogAssemblyErrors (0ms)
				InitializePlatformSupportModulesInManaged (4ms)
				SetLoadedEditorAssemblies (0ms)
				RefreshPlugins (42ms)
				BeforeProcessingInitializeOnLoad (15ms)
				ProcessInitializeOnLoadAttributes (71ms)
				ProcessInitializeOnLoadMethodAttributes (24ms)
				AfterProcessingInitializeOnLoad (0ms)
				EditorAssembliesLoaded (0ms)
			ExecutionOrderSort2 (0ms)
			AwakeInstancesAfterBackupRestoration (0ms)
Platform modules already initialized, skipping
Registering precompiled user dll's ...
Registered in 0.002898 seconds.
Begin MonoManager ReloadAssembly
Native extension for WindowsStandalone target not found
Refreshing native plugins compatible for Editor in 41.71 ms, found 2 plugins.
Preloading 0 native plugins for Editor in 0.00 ms.
Mono: successfully reloaded assembly
- Completed reload, in  1.025 seconds
Domain Reload Profiling:
	ReloadAssembly (1025ms)
		BeginReloadAssembly (135ms)
			ExecutionOrderSort (0ms)
			DisableScriptedObjects (4ms)
			BackupInstance (0ms)
			ReleaseScriptingObjects (0ms)
			CreateAndSetChildDomain (17ms)
		EndReloadAssembly (832ms)
			LoadAssemblies (86ms)
			RebuildTransferFunctionScriptingTraits (0ms)
			SetupTypeCache (257ms)
			ReleaseScriptCaches (0ms)
			RebuildScriptCaches (42ms)
			SetupLoadedEditorAssemblies (347ms)
				LogAssemblyErrors (0ms)
				InitializePlatformSupportModulesInManaged (3ms)
				SetLoadedEditorAssemblies (0ms)
				RefreshPlugins (42ms)
				BeforeProcessingInitializeOnLoad (71ms)
				ProcessInitializeOnLoadAttributes (216ms)
				ProcessInitializeOnLoadMethodAttributes (8ms)
				AfterProcessingInitializeOnLoad (7ms)
				EditorAssembliesLoaded (0ms)
			ExecutionOrderSort2 (0ms)
			AwakeInstancesAfterBackupRestoration (6ms)
Platform modules already initialized, skipping
========================================================================
Worker process is ready to serve import requests
Launched and connected shader compiler UnityShaderCompiler.exe after 0.06 seconds
Refreshing native plugins compatible for Editor in 0.49 ms, found 2 plugins.
Preloading 0 native plugins for Editor in 0.00 ms.
Unloading 2229 Unused Serialized files (Serialized files now loaded: 0)
System memory in use before: 100.1 MB.
System memory in use after: 100.1 MB.

Unloading 19 unused Assets to reduce memory usage. Loaded Objects now: 2672.
Total: 3.095900 ms (FindLiveObjects: 0.194300 ms CreateObjectMapping: 0.051200 ms MarkObjects: 2.771500 ms  DeleteObjects: 0.078000 ms)

AssetImportParameters requested are different than current active one (requested -> active):
  custom:framework-win-MediaFoundation: 216162199b28c13a410421893ffa2e32 -> 
  custom:video-decoder-ogg-theora: a1e56fd34408186e4bbccfd4996cb3dc -> 
  custom:container-muxer-webm: aa71ff27fc2769a1b78a27578f13a17b -> 
  custom:container-demuxer-webm: 4f35f7cbe854078d1ac9338744f61a02 -> 
  custom:container-demuxer-ogg: 62fdf1f143b41e24485cea50d1cbac27 -> 
  custom:video-encoder-webm-vp8: eb34c28f22e8b96e1ab97ce403110664 -> 
  custom:video-decoder-webm-vp8: 9c59270c3fd7afecdb556c50c9e8de78 -> 
  custom:audio-decoder-ogg-vorbis: bf7c407c2cedff20999df2af8eb42d56 -> 
  custom:audio-encoder-webm-vorbis: bf7c407c2cedff20999df2af8eb42d56 -> 
========================================================================
Received Import Request.
  path: Assets/Prefabs/safe.fbx
  artifactKey: Guid(0d4ef1100d07e9a438d420cf9095c778) Importer(815301076,1909f56bfc062723c751e8b465ee728b)
Start importing Assets/Prefabs/safe.fbx using Guid(0d4ef1100d07e9a438d420cf9095c778) Importer(815301076,1909f56bfc062723c751e8b465ee728b)  -> (artifact id: 'f0917225514efb7a304d6c435a50d4ae') in 0.119803 seconds 
  Import took 0.123337 seconds .

========================================================================
Received Import Request.
  Time since last request: 67.858800 seconds.
  path: Assets/Prefabs/safe.fbx
  artifactKey: Guid(0d4ef1100d07e9a438d420cf9095c778) Importer(815301076,1909f56bfc062723c751e8b465ee728b)
Start importing Assets/Prefabs/safe.fbx using Guid(0d4ef1100d07e9a438d420cf9095c778) Importer(815301076,1909f56bfc062723c751e8b465ee728b)  -> (artifact id: 'ac46ad318a50030a249aa3b1985dc90f') in 0.027255 seconds 
  Import took 0.031068 seconds .

========================================================================
Received Import Request.
  Time since last request: 16.619743 seconds.
  path: Assets/Prefabs/safe.fbx
  artifactKey: Guid(0d4ef1100d07e9a438d420cf9095c778) Importer(815301076,1909f56bfc062723c751e8b465ee728b)
Start importing Assets/Prefabs/safe.fbx using Guid(0d4ef1100d07e9a438d420cf9095c778) Importer(815301076,1909f56bfc062723c751e8b465ee728b)  -> (artifact id: 'eff2efa826a96c229cb9040692dc7f7f') in 0.062593 seconds 
  Import took 0.066216 seconds .

========================================================================
Received Import Request.
  Time since last request: 113.213504 seconds.
  path: Assets/Prefabs/SafeOppening.anim
  artifactKey: Guid(3b7a03f55ba754846aa1258a16842142) Importer(815301076,1909f56bfc062723c751e8b465ee728b)
Start importing Assets/Prefabs/SafeOppening.anim using Guid(3b7a03f55ba754846aa1258a16842142) Importer(815301076,1909f56bfc062723c751e8b465ee728b)  -> (artifact id: 'f9042b001e4bc53fe5aba908746eb140') in 0.009007 seconds 
  Import took 0.012838 seconds .

========================================================================
Received Import Request.
  Time since last request: 61.279372 seconds.
  path: Assets/Prefabs/SafeOppening.controller
  artifactKey: Guid(c0ba1a3bc46b34e4187930a4b4bef5fa) Importer(815301076,1909f56bfc062723c751e8b465ee728b)
Start importing Assets/Prefabs/SafeOppening.controller using Guid(c0ba1a3bc46b34e4187930a4b4bef5fa) Importer(815301076,1909f56bfc062723c751e8b465ee728b)  -> (artifact id: 'd28edd54ab1d3fb53eade936130f4cfc') in 0.005734 seconds 
  Import took 0.009576 seconds .

========================================================================
Received Import Request.
  Time since last request: 23.733563 seconds.
  path: Assets/Prefabs/New Material.mat
  artifactKey: Guid(db18a49723bf26c42b2e794ba3f7c26b) Importer(815301076,1909f56bfc062723c751e8b465ee728b)
Start importing Assets/Prefabs/New Material.mat using Guid(db18a49723bf26c42b2e794ba3f7c26b) Importer(815301076,1909f56bfc062723c751e8b465ee728b)  -> (artifact id: '2031598b841f418d8ca8e133c914bd8f') in 0.028434 seconds 
  Import took 0.032362 seconds .

========================================================================
Received Import Request.
  Time since last request: 14.839789 seconds.
  path: Assets/Prefabs/Safe.mat
  artifactKey: Guid(db18a49723bf26c42b2e794ba3f7c26b) Importer(815301076,1909f56bfc062723c751e8b465ee728b)
Start importing Assets/Prefabs/Safe.mat using Guid(db18a49723bf26c42b2e794ba3f7c26b) Importer(815301076,1909f56bfc062723c751e8b465ee728b)  -> (artifact id: '9ff5b5f3a829664ba08cdd054b3e003c') in 0.031869 seconds 
  Import took 0.035462 seconds .

========================================================================
Received Prepare
Registering precompiled user dll's ...
Registered in 0.002911 seconds.
Begin MonoManager ReloadAssembly
Native extension for WindowsStandalone target not found
Refreshing native plugins compatible for Editor in 0.49 ms, found 2 plugins.
Preloading 0 native plugins for Editor in 0.00 ms.
Mono: successfully reloaded assembly
- Completed reload, in  0.924 seconds
Domain Reload Profiling:
	ReloadAssembly (924ms)
		BeginReloadAssembly (115ms)
			ExecutionOrderSort (0ms)
			DisableScriptedObjects (3ms)
			BackupInstance (0ms)
			ReleaseScriptingObjects (0ms)
			CreateAndSetChildDomain (31ms)
		EndReloadAssembly (752ms)
			LoadAssemblies (85ms)
			RebuildTransferFunctionScriptingTraits (0ms)
			SetupTypeCache (253ms)
			ReleaseScriptCaches (1ms)
			RebuildScriptCaches (35ms)
			SetupLoadedEditorAssemblies (292ms)
				LogAssemblyErrors (0ms)
				InitializePlatformSupportModulesInManaged (3ms)
				SetLoadedEditorAssemblies (0ms)
				RefreshPlugins (1ms)
				BeforeProcessingInitializeOnLoad (68ms)
				ProcessInitializeOnLoadAttributes (206ms)
				ProcessInitializeOnLoadMethodAttributes (8ms)
				AfterProcessingInitializeOnLoad (7ms)
				EditorAssembliesLoaded (0ms)
			ExecutionOrderSort2 (0ms)
			AwakeInstancesAfterBackupRestoration (6ms)
Platform modules already initialized, skipping
Refreshing native plugins compatible for Editor in 0.50 ms, found 2 plugins.
Preloading 0 native plugins for Editor in 0.00 ms.
Unloading 2188 Unused Serialized files (Serialized files now loaded: 0)
System memory in use before: 100.1 MB.
System memory in use after: 100.2 MB.

Unloading 14 unused Assets to reduce memory usage. Loaded Objects now: 2717.
Total: 3.078400 ms (FindLiveObjects: 0.231400 ms CreateObjectMapping: 0.051400 ms MarkObjects: 2.724600 ms  DeleteObjects: 0.070100 ms)

AssetImportParameters requested are different than current active one (requested -> active):
  custom:framework-win-MediaFoundation: 216162199b28c13a410421893ffa2e32 -> 
  custom:video-decoder-ogg-theora: a1e56fd34408186e4bbccfd4996cb3dc -> 
  custom:container-muxer-webm: aa71ff27fc2769a1b78a27578f13a17b -> 
  custom:container-demuxer-webm: 4f35f7cbe854078d1ac9338744f61a02 -> 
  custom:container-demuxer-ogg: 62fdf1f143b41e24485cea50d1cbac27 -> 
  custom:video-encoder-webm-vp8: eb34c28f22e8b96e1ab97ce403110664 -> 
  custom:video-decoder-webm-vp8: 9c59270c3fd7afecdb556c50c9e8de78 -> 
  custom:audio-decoder-ogg-vorbis: bf7c407c2cedff20999df2af8eb42d56 -> 
  custom:audio-encoder-webm-vorbis: bf7c407c2cedff20999df2af8eb42d56 -> 
========================================================================
Received Import Request.
  Time since last request: 286.988750 seconds.
  path: Assets/Prefabs/Safe.mat
  artifactKey: Guid(db18a49723bf26c42b2e794ba3f7c26b) Importer(815301076,1909f56bfc062723c751e8b465ee728b)
Start importing Assets/Prefabs/Safe.mat using Guid(db18a49723bf26c42b2e794ba3f7c26b) Importer(815301076,1909f56bfc062723c751e8b465ee728b)  -> (artifact id: 'f7bb9baf0f17b40c8ac29937d3f1cab2') in 0.055281 seconds 
  Import took 0.065463 seconds .

AssetImportWorkerClient::OnTransportError - code=2 error=End of file
